<?xml version="1.0" encoding="UTF-8"?>
<!-- Generated by org.testng.reporters.JUnitXMLReporter -->
<testsuite ignored="0" hostname="DESKTOP-LLRELV1" failures="0" tests="5" name="Default test" time="15.427" errors="0" timestamp="16 Jan 2025 12:37:36 GMT">
  <testcase classname="TestScript.InvalidLoginTest" name="invalidLogin" time="2.051"/>
  <testcase classname="TestScript.InvalidLoginTest" name="invalidLogin" time="1.412"/>
  <testcase classname="TestScript.InvalidLoginTest" name="invalidLogin" time="1.435"/>
  <testcase classname="TestScript.InvalidLoginTest" name="invalidLogin" time="1.569"/>
  <testcase classname="TestScript.InvalidLoginTest" name="invalidLogin" time="1.642"/>
</testsuite> <!-- Default test -->
