<?xml version="1.0" encoding="UTF-8"?>
<!-- Generated by org.testng.reporters.JUnitXMLReporter -->
<testsuite ignored="0" hostname="DESKTOP-LLRELV1" failures="0" tests="5" name="Test3" time="9.771" errors="0" timestamp="16 Jan 2025 12:58:23 GMT">
  <testcase classname="TestScript.InvalidLoginTest" name="invalidLogin" time="1.213"/>
  <testcase classname="TestScript.InvalidLoginTest" name="invalidLogin" time="1.491"/>
  <testcase classname="TestScript.InvalidLoginTest" name="invalidLogin" time="0.941"/>
  <testcase classname="TestScript.InvalidLoginTest" name="invalidLogin" time="0.971"/>
  <testcase classname="TestScript.InvalidLoginTest" name="invalidLogin" time="1.029"/>
</testsuite> <!-- Test3 -->
