<?xml version="1.0" encoding="UTF-8"?>
<!-- Generated by org.testng.reporters.JUnitXMLReporter -->
<testsuite ignored="8" hostname="DESKTOP-LLRELV1" failures="0" tests="7" name="Test" time="22.703" errors="0" timestamp="16 Jan 2025 13:02:31 GMT">
  <testcase classname="TestScript.LoginTest" name="login" time="2.026"/>
  <testcase classname="TestScript.RegisterTest" name="register" time="1.785"/>
  <testcase classname="TestScript.InvalidLoginTest" name="invalidLogin" time="1.258"/>
  <testcase classname="TestScript.InvalidLoginTest" name="invalidLogin" time="1.548"/>
  <testcase classname="TestScript.InvalidLoginTest" name="invalidLogin" time="1.006"/>
  <testcase classname="TestScript.InvalidLoginTest" name="invalidLogin" time="1.03"/>
  <testcase classname="TestScript.InvalidLoginTest" name="invalidLogin" time="1.058"/>
  <testcase classname="genericlib.BaseTest" name="@AfterTest toCloseDatabase" time="0.0">
    <ignored/>
  </testcase> <!-- @AfterTest toCloseDatabase -->
  <testcase classname="genericlib.BaseTest" name="@AfterTest toCloseDatabase" time="0.0">
    <ignored/>
  </testcase> <!-- @AfterTest toCloseDatabase -->
  <testcase classname="genericlib.BaseTest" name="@BeforeTest toConnectDatabase" time="0.0">
    <ignored/>
  </testcase> <!-- @BeforeTest toConnectDatabase -->
  <testcase classname="genericlib.BaseTest" name="@BeforeTest toConnectDatabase" time="0.0">
    <ignored/>
  </testcase> <!-- @BeforeTest toConnectDatabase -->
  <testcase classname="genericlib.BaseTest" name="@BeforeSuite toCloseServer" time="0.0">
    <ignored/>
  </testcase> <!-- @BeforeSuite toCloseServer -->
  <testcase classname="genericlib.BaseTest" name="@BeforeSuite toCloseServer" time="0.0">
    <ignored/>
  </testcase> <!-- @BeforeSuite toCloseServer -->
  <testcase classname="genericlib.BaseTest" name="@AfterSuite toConnectServer" time="0.0">
    <ignored/>
  </testcase> <!-- @AfterSuite toConnectServer -->
  <testcase classname="genericlib.BaseTest" name="@AfterSuite toConnectServer" time="0.0">
    <ignored/>
  </testcase> <!-- @AfterSuite toConnectServer -->
</testsuite> <!-- Test -->
